2023-03-06 13:56:33 INFO  mvnproject:14 - Open Url
2023-03-06 13:56:33 INFO  mvnproject:17 - Entered Username
2023-03-06 13:56:33 INFO  mvnproject:19 - Enter Password
2023-03-06 13:56:34 INFO  mvnproject:21 - click submit button
2023-03-06 13:56:34 INFO  mvnproject:26 - Login test Passed
2023-03-06 14:27:09 INFO  mvnproject:14 - Open Url
2023-03-06 14:27:10 INFO  mvnproject:17 - Entered Username
2023-03-06 14:27:10 INFO  mvnproject:19 - Enter Password
2023-03-06 14:27:10 INFO  mvnproject:21 - click submit button
2023-03-06 14:27:10 INFO  mvnproject:26 - Login test Passed
2023-03-06 14:41:43 INFO  mvnproject:14 - Open Url
2023-03-06 14:41:43 INFO  mvnproject:17 - Entered Username
2023-03-06 14:41:43 INFO  mvnproject:19 - Enter Password
2023-03-06 14:41:44 INFO  mvnproject:21 - click submit button
2023-03-06 14:41:44 INFO  mvnproject:26 - Login test Passed
2023-03-06 14:42:29 INFO  mvnproject:14 - Open Url
2023-03-06 14:42:29 INFO  mvnproject:17 - Entered Username
2023-03-06 14:42:29 INFO  mvnproject:19 - Enter Password
2023-03-06 14:42:30 INFO  mvnproject:21 - click submit button
2023-03-06 14:42:30 INFO  mvnproject:26 - Login test Passed
2023-03-06 15:09:00 INFO  mvnproject:14 - Open Url
2023-03-06 15:09:00 INFO  mvnproject:17 - Entered Username
2023-03-06 15:09:00 INFO  mvnproject:19 - Enter Password
2023-03-06 15:09:01 INFO  mvnproject:21 - click submit button
2023-03-06 15:09:01 INFO  mvnproject:26 - Login test Passed
2023-03-06 16:00:33 INFO  mvnproject:14 - Open Url
2023-03-06 16:00:33 INFO  mvnproject:17 - Entered Username
2023-03-06 16:00:34 INFO  mvnproject:19 - Enter Password
2023-03-06 16:00:34 INFO  mvnproject:21 - click submit button
2023-03-06 16:00:34 INFO  mvnproject:26 - Login test Passed
2023-03-06 16:05:24 INFO  mvnproject:14 - Open Url
2023-03-06 16:05:24 INFO  mvnproject:17 - Entered Username
2023-03-06 16:05:24 INFO  mvnproject:19 - Enter Password
2023-03-06 16:05:25 INFO  mvnproject:21 - click submit button
2023-03-06 16:05:25 INFO  mvnproject:26 - Login test Passed
2023-03-06 16:06:40 INFO  mvnproject:14 - Open Url
2023-03-06 16:06:40 INFO  mvnproject:17 - Entered Username
2023-03-06 16:06:41 INFO  mvnproject:19 - Enter Password
2023-03-06 16:06:41 INFO  mvnproject:21 - click submit button
2023-03-06 16:06:41 INFO  mvnproject:26 - Login test Passed
2023-03-06 16:08:36 INFO  mvnproject:14 - Open Url
2023-03-06 16:08:36 INFO  mvnproject:17 - Entered Username
2023-03-06 16:08:37 INFO  mvnproject:19 - Enter Password
2023-03-06 16:08:37 INFO  mvnproject:21 - click submit button
2023-03-06 16:08:37 INFO  mvnproject:26 - Login test Passed
2023-03-06 16:10:04 INFO  mvnproject:14 - Open Url
2023-03-06 16:10:04 INFO  mvnproject:17 - Entered Username
2023-03-06 16:10:04 INFO  mvnproject:19 - Enter Password
2023-03-06 16:10:05 INFO  mvnproject:21 - click submit button
2023-03-06 16:10:05 INFO  mvnproject:26 - Login test Passed
2023-03-06 16:12:32 INFO  mvnproject:14 - Open Url
2023-03-06 16:12:32 INFO  mvnproject:17 - Entered Username
2023-03-06 16:12:32 INFO  mvnproject:19 - Enter Password
2023-03-06 16:12:33 INFO  mvnproject:21 - click submit button
2023-03-06 16:12:33 INFO  mvnproject:26 - Login test Passed
2023-03-06 16:15:11 INFO  mvnproject:14 - Open Url
2023-03-06 16:15:11 INFO  mvnproject:17 - Entered Username
2023-03-06 16:15:11 INFO  mvnproject:19 - Enter Password
2023-03-06 16:15:11 INFO  mvnproject:21 - click submit button
2023-03-06 16:15:11 INFO  mvnproject:26 - Login test Passed
2023-03-06 16:17:59 INFO  mvnproject:14 - Open Url
2023-03-06 16:17:59 INFO  mvnproject:17 - Entered Username
2023-03-06 16:18:00 INFO  mvnproject:19 - Enter Password
2023-03-06 16:18:00 INFO  mvnproject:21 - click submit button
2023-03-06 16:18:00 INFO  mvnproject:26 - Login test Passed
2023-03-06 21:13:50 INFO  mvnproject:14 - Open Url
2023-03-06 21:13:51 INFO  mvnproject:17 - Entered Username
2023-03-06 21:13:52 INFO  mvnproject:19 - Enter Password
2023-03-06 21:13:52 INFO  mvnproject:21 - click submit button
2023-03-06 21:13:52 INFO  mvnproject:26 - Login test Passed
2023-03-06 21:20:06 INFO  mvnproject:14 - Open Url
2023-03-06 21:20:07 INFO  mvnproject:17 - Entered Username
2023-03-06 21:20:07 INFO  mvnproject:19 - Enter Password
2023-03-06 21:20:08 INFO  mvnproject:21 - click submit button
2023-03-06 21:32:21 INFO  mvnproject:16 - Open Url
2023-03-06 21:32:21 INFO  mvnproject:19 - Entered Username
2023-03-06 21:32:22 INFO  mvnproject:21 - Enter Password
2023-03-06 21:32:23 INFO  mvnproject:23 - click submit button
2023-03-06 21:45:56 INFO  mvnproject:16 - Open Url
2023-03-06 21:45:57 INFO  mvnproject:19 - Entered Username
2023-03-06 21:45:58 INFO  mvnproject:21 - Enter Password
2023-03-06 21:45:59 INFO  mvnproject:23 - click submit button
2023-03-06 22:16:48 INFO  mvnproject:23 - user name provided
2023-03-06 22:16:48 INFO  mvnproject:25 - password provided
2023-03-06 22:16:52 INFO  mvnproject:40 - Login passed
2023-03-06 22:16:57 INFO  mvnproject:23 - user name provided
2023-03-06 22:16:57 INFO  mvnproject:25 - password provided
2023-03-06 22:17:02 INFO  mvnproject:23 - user name provided
2023-03-06 22:17:02 INFO  mvnproject:25 - password provided
2023-03-06 22:17:07 INFO  mvnproject:23 - user name provided
2023-03-06 22:17:07 INFO  mvnproject:25 - password provided
2023-03-06 22:17:11 INFO  mvnproject:40 - Login passed
2023-03-06 22:17:16 INFO  mvnproject:23 - user name provided
2023-03-06 22:17:16 INFO  mvnproject:25 - password provided
2023-03-07 08:35:07 INFO  mvnproject:20 - User name is provided
2023-03-07 08:35:07 INFO  mvnproject:22 - Passsword is provided
2023-03-07 08:35:11 INFO  mvnproject:31 - providing customer details....
2023-03-07 08:35:26 INFO  mvnproject:51 - validation started....
2023-03-07 08:35:26 INFO  mvnproject:58 - test case passed....
